[pre-commit] shellcheck on staged .sh files
[main 42c2860] Auto-commit: changes from herdr agents
 175 files changed, 13551 insertions(+)
 create mode 100644 .DS_Store
 create mode 100644 .herdr-autocommit.log
 create mode 100755 .herdr-autocommit.sh
 create mode 100644 .obsidian/app.json
 create mode 100644 .obsidian/appearance.json
 create mode 100644 .obsidian/community-plugins.json
 create mode 100644 .obsidian/core-plugins.json
 create mode 100644 .obsidian/graph.json
 create mode 100644 .obsidian/plugins/dataview/data.json
 create mode 100644 .obsidian/plugins/obsidian-linter/data.json
 create mode 100644 .obsidian/plugins/templater-obsidian/data.json
 create mode 100644 .obsidian/workspace.json
 create mode 100644 .opencode/.DS_Store
 create mode 100644 .opencode/agent/recipe-vault.md
 create mode 100644 .opencode/opencode.jsonc
 create mode 100644 .team/tickets/001.md
 create mode 100644 .team/tickets/002.md
 create mode 100644 .team/tickets/003.md
 create mode 100644 .team/tickets/004.md
 create mode 100644 .team/tickets/005.md
 create mode 100644 .team/tickets/006.md
 create mode 100644 .team/tickets/007.md
 create mode 100644 .team/tickets/008.md
 create mode 100644 .team/tickets/009.md
 create mode 100644 .team/tickets/010.md
 create mode 100644 .team/tickets/011.md
 create mode 100644 .team/tickets/012.md
 create mode 100644 .team/tickets/013.md
 create mode 100644 .team/tickets/014.md
 create mode 100644 .team/tickets/015.md
 create mode 100644 .team/tickets/016.md
 create mode 100644 .team/tickets/017.md
 create mode 100644 .team/tickets/018.md
 create mode 100644 .team/tickets/019.md
 create mode 100644 .team/tickets/020.md
 create mode 100644 .team/tickets/021.md
 create mode 100644 .team/tickets/022.md
 create mode 100644 .team/tickets/023.md
 create mode 100644 .team/tickets/024.md
 create mode 100644 .team/tickets/025.md
 create mode 100644 .team/tickets/026.md
 create mode 100644 .team/tickets/027.md
 create mode 100644 .team/tickets/028.md
 create mode 100644 .team/tickets/029.md
 create mode 100644 .team/tickets/030.md
 create mode 100644 .team/tickets/031.md
 create mode 100644 .team/tickets/032.md
 create mode 100644 .team/tickets/033.md
 create mode 100644 .team/tickets/034.md
 create mode 100644 .team/tickets/035.md
 create mode 100644 .team/tickets/036.md
 create mode 100644 .team/tickets/037.md
 create mode 100644 .team/tickets/038.md
 create mode 100644 .team/tickets/039.md
 create mode 100644 .team/tickets/040.md
 create mode 100644 CHANGELOG.md
 create mode 100644 _inbox/README.md
 create mode 100644 _meta/Digitization Log.md
 create mode 100644 _meta/Tag Index.md
 create mode 100644 _meta/Vault Architecture Spec.md
 create mode 100644 _meta/Vault README.md
 create mode 100644 "_mocs/MOC \342\200\224 By Ingredient.md"
 create mode 100644 "_mocs/MOC \342\200\224 Cuisine.md"
 create mode 100644 "_mocs/MOC \342\200\224 Dietary Tags.md"
 create mode 100644 "_mocs/MOC \342\200\224 Meal Type.md"
 create mode 100644 "_mocs/MOC \342\200\224 Occasion & Season.md"
 create mode 100644 "_mocs/MOC \342\200\224 Source & Provenance.md"
 create mode 100644 _skills/digitize-recipes-skill.md
 create mode 100644 _templates/recipe-template.md
 create mode 100644 assets/.DS_Store
 create mode 100755 assets/chef_recipe_book_draft/brw849e563cc961_000414.pdf
 create mode 100644 assets/chef_recipe_book_draft/chef_recipe_addendum.md
 create mode 100644 assets/chef_recipe_book_draft/chef_recipe_addendum_3.md
 create mode 100644 assets/chef_recipe_book_draft/chef_recipe_book_audit.md
 create mode 100644 assets/chef_recipe_book_draft/chef_recipe_notebook.md
 create mode 100644 assets/chef_recipe_book_draft/chef_reconstruction_addendum.md
 create mode 100755 assets/loose_notes_scans/brw849e563cc961_000402.jpg
 create mode 100755 assets/loose_notes_scans/brw849e563cc961_000403.jpg
 create mode 100755 assets/loose_notes_scans/brw849e563cc961_000404.jpg
 create mode 100755 assets/loose_notes_scans/brw849e563cc961_000405.jpg
 create mode 100755 assets/loose_notes_scans/brw849e563cc961_000406.jpg
 create mode 100755 assets/loose_notes_scans/brw849e563cc961_000407.jpg
 create mode 100755 assets/loose_notes_scans/brw849e563cc961_000410.pdf
 create mode 100644 docs/specs/001-ricotta-fix.md
 create mode 100644 docs/specs/006-yakiniku-salt-slab-fix.md
 create mode 100644 docs/specs/007-dolma-fix.md
 create mode 100644 docs/specs/008-miso-glazed-eggplant.md
 create mode 100644 docs/specs/009-miso-glazed-salmon.md
 create mode 100644 docs/specs/010-miso-soup.md
 create mode 100644 docs/specs/011-miso-ramen.md
 create mode 100644 docs/specs/012-miso-butterfish.md
 create mode 100644 docs/specs/016-miso-butter.md
 create mode 100644 docs/specs/017-oleo-saccharum.md
 create mode 100644 recipes/.DS_Store
 create mode 100644 recipes/appetizer/baba-ghanoush.md
 create mode 100644 recipes/appetizer/kibbeh-niyee.md
 create mode 100644 recipes/appetizer/labneh.md
 create mode 100644 recipes/appetizer/marinated-olives.md
 create mode 100644 recipes/appetizer/stuffed-fried-squash-blossoms.md
 create mode 100644 recipes/breakfast/buttermilk-biscuits.md
 create mode 100644 recipes/breakfast/vegan-biscuits.md
 create mode 100644 recipes/condiment/aioli.md
 create mode 100644 recipes/condiment/clarified-juices.md
 create mode 100644 recipes/condiment/hummus.md
 create mode 100644 recipes/condiment/jiban.md
 create mode 100644 recipes/condiment/miso-butter.md
 create mode 100644 recipes/condiment/never-a-lump-turkey-gravy.md
 create mode 100644 recipes/condiment/oleo-saccharum.md
 create mode 100644 recipes/condiment/pickling-base.md
 create mode 100644 recipes/condiment/rhubarb-syrup.md
 create mode 100644 recipes/condiment/ricotta.md
 create mode 100644 recipes/condiment/rosemary-syrup.md
 create mode 100644 recipes/condiment/ryu-confit-egg-yolk.md
 create mode 100644 recipes/condiment/shortrib-dry-rub.md
 create mode 100644 recipes/condiment/sweet-chili-sauce.md
 create mode 100644 recipes/dessert/budino.md
 create mode 100644 recipes/dessert/cannoli.md
 create mode 100644 recipes/dessert/cranberry-cream-mold.md
 create mode 100644 recipes/dessert/five-minute-fudge.md
 create mode 100644 recipes/dessert/kick-ass-cookies.md
 create mode 100644 recipes/dessert/never-grainy-carnation-pumpkin-pie.md
 create mode 100644 recipes/dinner/5-13-kat-dinner.md
 create mode 100644 recipes/dinner/6-21-pop-up-dinner-menu.md
 create mode 100644 recipes/dinner/chiliburgers.md
 create mode 100644 recipes/dinner/chimichurri-chicken-empanadas.md
 create mode 100644 recipes/dinner/dolma.md
 create mode 100644 recipes/dinner/empanada-dough-biscuit-dough.md
 create mode 100644 recipes/dinner/foie-gras.md
 create mode 100644 recipes/dinner/miso-butterfish.md
 create mode 100644 recipes/dinner/miso-glazed-eggplant.md
 create mode 100644 recipes/dinner/rooz-m3-ful.md
 create mode 100644 recipes/dinner/savory-meat-loaf.md
 create mode 100644 recipes/dinner/snow-capped-meat-loaf.md
 create mode 100644 recipes/dinner/yakiniku-salt-slab.md
 create mode 100644 recipes/drink/berries-and-cream-highball.md
 create mode 100644 recipes/drink/black-tea-orange-punch.md
 create mode 100644 recipes/drink/breezy-beach-collins.md
 create mode 100644 recipes/drink/citrus-mug-punch.md
 create mode 100644 recipes/drink/dark-rum-pear-brandy-punch.md
 create mode 100644 recipes/drink/highball.md
 create mode 100644 recipes/drink/ika-punch.md
 create mode 100644 recipes/drink/kimchi-bloody-mary.md
 create mode 100644 recipes/drink/life-preserver.md
 create mode 100644 recipes/drink/manhattan.md
 create mode 100644 recipes/drink/mildly-herbaceous-old-fashioned.md
 create mode 100644 recipes/drink/old-fashioned.md
 create mode 100644 recipes/drink/op-cherry-blossom.md
 create mode 100644 recipes/drink/orange-bitters-mug-punch.md
 create mode 100644 recipes/drink/propane-and-propane-accessories.md
 create mode 100644 recipes/drink/road-to-nowhere.md
 create mode 100644 recipes/drink/scotch-sour.md
 create mode 100644 recipes/drink/smith-and-cross-punch.md
 create mode 100644 recipes/drink/stranahans-salty-stinger.md
 create mode 100644 recipes/drink/strawberry-cream-collins.md
 create mode 100644 recipes/drink/tortuga.md
 create mode 100644 recipes/drink/white-horse-replacement.md
 create mode 100644 recipes/lunch/burgerwiches.md
 create mode 100644 recipes/lunch/legro-th-meal-prep.md
 create mode 100644 recipes/lunch/open-face-mushroom-sammie.md
 create mode 100644 recipes/lunch/party-sandwich-loaf.md
 create mode 100644 recipes/side/bread-basics-golden-ratio.md
 create mode 100644 recipes/side/broccoli.md
 create mode 100644 recipes/side/cold-smoked-baklava.md
 create mode 100644 recipes/side/couscous.md
 create mode 100644 recipes/side/curry-lentil-soup.md
 create mode 100644 recipes/side/grilled-radicchio-with-carrot-ginger-glaze.md
 create mode 100644 recipes/side/grilled-radicchio.md
 create mode 100644 recipes/side/hind-seh-milia.md
 create mode 100644 recipes/side/mih-sheh-enis-lah-a.md
 create mode 100644 recipes/side/spicy-bok-choy.md
 create mode 100644 recipes/side/tabbouleh.md
 create mode 100644 recipes/side/yufka.md
 create mode 100644 review-pass-plan.md
 create mode 100644 revision-plan.md
 create mode 100644 tests/test_ticket_005_miso_butter.py
To github.com:alexshaddy/recipe-library.git
   12599d0..42c2860  main -> main
[main 9c700ee] Auto-commit: changes from herdr agents
 3 files changed, 263 insertions(+), 1 deletion(-)
 create mode 100644 docs/specs/005-miso-butter-fix.md
To github.com:alexshaddy/recipe-library.git
   42c2860..9c700ee  main -> main
[main 13a5230] Auto-commit: changes from herdr agents
 3 files changed, 7 insertions(+), 2 deletions(-)
To github.com:alexshaddy/recipe-library.git
   9c700ee..13a5230  main -> main
[main 52258cb] Auto-commit: changes from herdr agents
 2 files changed, 8 insertions(+), 2 deletions(-)
To github.com:alexshaddy/recipe-library.git
   13a5230..52258cb  main -> main
[main 9d252a3] Auto-commit: changes from herdr agents
 2 files changed, 11 insertions(+), 1 deletion(-)
To github.com:alexshaddy/recipe-library.git
   52258cb..9d252a3  main -> main
[main d15d6f8] Auto-commit: changes from herdr agents
 2 files changed, 14 insertions(+), 3 deletions(-)
To github.com:alexshaddy/recipe-library.git
   9d252a3..d15d6f8  main -> main
[main ee72129] Auto-commit: changes from herdr agents
 2 files changed, 70 insertions(+), 40 deletions(-)
To github.com:alexshaddy/recipe-library.git
   d15d6f8..ee72129  main -> main
[main 241c700] Auto-commit: changes from herdr agents
 1 file changed, 4 insertions(+)
To github.com:alexshaddy/recipe-library.git
   ee72129..241c700  main -> main
[main 9b744dc] Auto-commit: changes from herdr agents
 1 file changed, 4 insertions(+)
To github.com:alexshaddy/recipe-library.git
   241c700..9b744dc  main -> main
[main 5316049] Auto-commit: changes from herdr agents
 1 file changed, 4 insertions(+)
To github.com:alexshaddy/recipe-library.git
   9b744dc..5316049  main -> main
[main 5e3d2b7] Auto-commit: changes from herdr agents
 1 file changed, 4 insertions(+)
To github.com:alexshaddy/recipe-library.git
   5316049..5e3d2b7  main -> main
[main 35e2fb5] Auto-commit: changes from herdr agents
 1 file changed, 4 insertions(+)
To github.com:alexshaddy/recipe-library.git
   5e3d2b7..35e2fb5  main -> main
[main 3440891] Auto-commit: changes from herdr agents
 1 file changed, 4 insertions(+)
To github.com:alexshaddy/recipe-library.git
   35e2fb5..3440891  main -> main
[main 1d9ffb3] Auto-commit: changes from herdr agents
 1 file changed, 4 insertions(+)
To github.com:alexshaddy/recipe-library.git
   3440891..1d9ffb3  main -> main
[main 6cfbd43] Auto-commit: changes from herdr agents
 1 file changed, 4 insertions(+)
To github.com:alexshaddy/recipe-library.git
   1d9ffb3..6cfbd43  main -> main
[main 2468cb7] Auto-commit: changes from herdr agents
 2 files changed, 68 insertions(+)
 create mode 100644 docs/specs/024-curry-lentil-soup.md
To github.com:alexshaddy/recipe-library.git
   6cfbd43..2468cb7  main -> main
[main 87f51ce] Auto-commit: changes from herdr agents
 2 files changed, 13 insertions(+), 1 deletion(-)
To github.com:alexshaddy/recipe-library.git
   2468cb7..87f51ce  main -> main
[main 05fd50e] Auto-commit: changes from herdr agents
 2 files changed, 5 insertions(+), 1 deletion(-)
To github.com:alexshaddy/recipe-library.git
   87f51ce..05fd50e  main -> main
[main 4e32775] Auto-commit: changes from herdr agents
 1 file changed, 4 insertions(+)
To github.com:alexshaddy/recipe-library.git
   05fd50e..4e32775  main -> main
[main 991a0bc] Auto-commit: changes from herdr agents
 1 file changed, 4 insertions(+)
To github.com:alexshaddy/recipe-library.git
   4e32775..991a0bc  main -> main
[main 9b5be9e] Auto-commit: changes from herdr agents
 1 file changed, 4 insertions(+)
To github.com:alexshaddy/recipe-library.git
   991a0bc..9b5be9e  main -> main
[main 32662c1] Auto-commit: changes from herdr agents
 2 files changed, 114 insertions(+)
 create mode 100644 docs/specs/018-clarified-juices.md
To github.com:alexshaddy/recipe-library.git
   9b5be9e..32662c1  main -> main
[main 557d15a] Auto-commit: changes from herdr agents
 2 files changed, 15 insertions(+), 2 deletions(-)
To github.com:alexshaddy/recipe-library.git
   32662c1..557d15a  main -> main
[main 37d90bc] Auto-commit: changes from herdr agents
 1 file changed, 4 insertions(+)
To github.com:alexshaddy/recipe-library.git
   557d15a..37d90bc  main -> main
[main 8efe179] Auto-commit: changes from herdr agents
 1 file changed, 4 insertions(+)
To github.com:alexshaddy/recipe-library.git
   37d90bc..8efe179  main -> main
[main 33c8cfd] Auto-commit: changes from herdr agents
 1 file changed, 4 insertions(+)
To github.com:alexshaddy/recipe-library.git
   8efe179..33c8cfd  main -> main
[main f02c6ca] Auto-commit: changes from herdr agents
 2 files changed, 121 insertions(+)
 create mode 100644 docs/specs/019-hummus.md
To github.com:alexshaddy/recipe-library.git
   33c8cfd..f02c6ca  main -> main
[main f4ae34d] Auto-commit: changes from herdr agents
 2 files changed, 13 insertions(+), 1 deletion(-)
To github.com:alexshaddy/recipe-library.git
   f02c6ca..f4ae34d  main -> main
[main ef9c5f6] Auto-commit: changes from herdr agents
 2 files changed, 5 insertions(+), 1 deletion(-)
To github.com:alexshaddy/recipe-library.git
   f4ae34d..ef9c5f6  main -> main
[main ddfeb0e] Auto-commit: changes from herdr agents
 2 files changed, 18 insertions(+), 9 deletions(-)
To github.com:alexshaddy/recipe-library.git
   ef9c5f6..ddfeb0e  main -> main
[main 7f6c072] Auto-commit: changes from herdr agents
 1 file changed, 4 insertions(+)
To github.com:alexshaddy/recipe-library.git
   ddfeb0e..7f6c072  main -> main
[main 4183db6] Auto-commit: changes from herdr agents
 1 file changed, 4 insertions(+)
To github.com:alexshaddy/recipe-library.git
   7f6c072..4183db6  main -> main
[main 6d7f5ea] Auto-commit: changes from herdr agents
 1 file changed, 4 insertions(+)
To github.com:alexshaddy/recipe-library.git
   4183db6..6d7f5ea  main -> main
[main 89a8c19] Auto-commit: changes from herdr agents
 1 file changed, 4 insertions(+)
To github.com:alexshaddy/recipe-library.git
   6d7f5ea..89a8c19  main -> main
[main d47edf2] Auto-commit: changes from herdr agents
 3 files changed, 101 insertions(+), 19 deletions(-)
 create mode 100644 docs/specs/020-jiban.md
To github.com:alexshaddy/recipe-library.git
   89a8c19..d47edf2  main -> main
[main d1966c0] Auto-commit: changes from herdr agents
 2 files changed, 12 insertions(+), 1 deletion(-)
To github.com:alexshaddy/recipe-library.git
   d47edf2..d1966c0  main -> main
[main 73631a5] Auto-commit: changes from herdr agents
 2 files changed, 5 insertions(+), 1 deletion(-)
To github.com:alexshaddy/recipe-library.git
   d1966c0..73631a5  main -> main
[main 46b196a] Auto-commit: changes from herdr agents
 1 file changed, 4 insertions(+)
To github.com:alexshaddy/recipe-library.git
   73631a5..46b196a  main -> main
[main f6c15e3] Auto-commit: changes from herdr agents
 1 file changed, 4 insertions(+)
To github.com:alexshaddy/recipe-library.git
   46b196a..f6c15e3  main -> main
[main f4cbfc1] Auto-commit: changes from herdr agents
 1 file changed, 4 insertions(+)
To github.com:alexshaddy/recipe-library.git
   f6c15e3..f4cbfc1  main -> main
[main ea33be8] Auto-commit: changes from herdr agents
 3 files changed, 89 insertions(+), 1 deletion(-)
 create mode 100644 docs/specs/021-kick-ass-cookies.md
To github.com:alexshaddy/recipe-library.git
   f4cbfc1..ea33be8  main -> main
[main c6740d9] Auto-commit: changes from herdr agents
 2 files changed, 6 insertions(+), 1 deletion(-)
To github.com:alexshaddy/recipe-library.git
   ea33be8..c6740d9  main -> main
[main 38ed260] Auto-commit: changes from herdr agents
 1 file changed, 4 insertions(+)
To github.com:alexshaddy/recipe-library.git
   c6740d9..38ed260  main -> main
[main 1a395aa] Auto-commit: changes from herdr agents
 1 file changed, 4 insertions(+)
To github.com:alexshaddy/recipe-library.git
   38ed260..1a395aa  main -> main
[main e8a1dae] Auto-commit: changes from herdr agents
 1 file changed, 4 insertions(+)
To github.com:alexshaddy/recipe-library.git
   1a395aa..e8a1dae  main -> main
[main 1f88de9] Auto-commit: changes from herdr agents
 1 file changed, 4 insertions(+)
To github.com:alexshaddy/recipe-library.git
   e8a1dae..1f88de9  main -> main
[main 64b8c01] Auto-commit: changes from herdr agents
 1 file changed, 4 insertions(+)
To github.com:alexshaddy/recipe-library.git
   1f88de9..64b8c01  main -> main
[main ba4645a] Auto-commit: changes from herdr agents
 2 files changed, 21 insertions(+), 10 deletions(-)
To github.com:alexshaddy/recipe-library.git
   64b8c01..ba4645a  main -> main
[main c07b8cd] Auto-commit: changes from herdr agents
 3 files changed, 117 insertions(+), 1 deletion(-)
 create mode 100644 docs/specs/022-budino.md
To github.com:alexshaddy/recipe-library.git
   ba4645a..c07b8cd  main -> main
[main fe98ad2] Auto-commit: changes from herdr agents
 2 files changed, 6 insertions(+), 1 deletion(-)
To github.com:alexshaddy/recipe-library.git
   c07b8cd..fe98ad2  main -> main
[main f8ca9ea] Auto-commit: changes from herdr agents
 1 file changed, 4 insertions(+)
To github.com:alexshaddy/recipe-library.git
   fe98ad2..f8ca9ea  main -> main
[main afe2162] Auto-commit: changes from herdr agents
 1 file changed, 4 insertions(+)
To github.com:alexshaddy/recipe-library.git
   f8ca9ea..afe2162  main -> main
[main a89ecb1] Auto-commit: changes from herdr agents
 1 file changed, 4 insertions(+)
To github.com:alexshaddy/recipe-library.git
   afe2162..a89ecb1  main -> main
[main c46063b] Auto-commit: changes from herdr agents
 1 file changed, 4 insertions(+)
To github.com:alexshaddy/recipe-library.git
   a89ecb1..c46063b  main -> main
[main 98e12dc] Auto-commit: changes from herdr agents
 1 file changed, 4 insertions(+)
To github.com:alexshaddy/recipe-library.git
   c46063b..98e12dc  main -> main
[main bdeee2f] Auto-commit: changes from herdr agents
 1 file changed, 4 insertions(+)
To github.com:alexshaddy/recipe-library.git
   98e12dc..bdeee2f  main -> main
[main 07d16af] Auto-commit: changes from herdr agents
 1 file changed, 4 insertions(+)
To github.com:alexshaddy/recipe-library.git
   bdeee2f..07d16af  main -> main
[main 1d68dbe] Auto-commit: changes from herdr agents
 3 files changed, 61 insertions(+), 20 deletions(-)
To github.com:alexshaddy/recipe-library.git
   07d16af..1d68dbe  main -> main
[main 16a4d13] Auto-commit: changes from herdr agents
 3 files changed, 124 insertions(+)
 create mode 100644 docs/specs/023-cannoli.md
To github.com:alexshaddy/recipe-library.git
   1d68dbe..16a4d13  main -> main
[main 7d37582] Auto-commit: changes from herdr agents
 1 file changed, 5 insertions(+)
To github.com:alexshaddy/recipe-library.git
   16a4d13..7d37582  main -> main
[main 1d5946e] Auto-commit: changes from herdr agents
 1 file changed, 4 insertions(+)
To github.com:alexshaddy/recipe-library.git
   7d37582..1d5946e  main -> main
[main f519e25] Auto-commit: changes from herdr agents
 2 files changed, 12 insertions(+), 1 deletion(-)
To github.com:alexshaddy/recipe-library.git
   1d5946e..f519e25  main -> main
[main 384dce6] Auto-commit: changes from herdr agents
 2 files changed, 5 insertions(+), 1 deletion(-)
To github.com:alexshaddy/recipe-library.git
   f519e25..384dce6  main -> main
[main 86e5391] Auto-commit: changes from herdr agents
 2 files changed, 21 insertions(+), 10 deletions(-)
To github.com:alexshaddy/recipe-library.git
   384dce6..86e5391  main -> main
[main 8507bfb] Auto-commit: changes from herdr agents
 1 file changed, 4 insertions(+)
To github.com:alexshaddy/recipe-library.git
   86e5391..8507bfb  main -> main
[main aec3136] Auto-commit: changes from herdr agents
 1 file changed, 4 insertions(+)
To github.com:alexshaddy/recipe-library.git
   8507bfb..aec3136  main -> main
[main 29052ea] Auto-commit: changes from herdr agents
 1 file changed, 4 insertions(+)
To github.com:alexshaddy/recipe-library.git
   aec3136..29052ea  main -> main
[main b2afb7b] Auto-commit: changes from herdr agents
 2 files changed, 81 insertions(+)
 create mode 100644 docs/specs/025-spicy-bok-choy.md
To github.com:alexshaddy/recipe-library.git
   29052ea..b2afb7b  main -> main
[main 7504f63] Auto-commit: changes from herdr agents
 2 files changed, 15 insertions(+), 2 deletions(-)
To github.com:alexshaddy/recipe-library.git
   b2afb7b..7504f63  main -> main
[main 622f646] Auto-commit: changes from herdr agents
 1 file changed, 4 insertions(+)
To github.com:alexshaddy/recipe-library.git
   7504f63..622f646  main -> main
[main 8fff787] Auto-commit: changes from herdr agents
 1 file changed, 4 insertions(+)
To github.com:alexshaddy/recipe-library.git
   622f646..8fff787  main -> main
[main 7fbc7d2] Auto-commit: changes from herdr agents
 1 file changed, 4 insertions(+)
To github.com:alexshaddy/recipe-library.git
   8fff787..7fbc7d2  main -> main
[main 50b9200] Auto-commit: changes from herdr agents
 1 file changed, 4 insertions(+)
To github.com:alexshaddy/recipe-library.git
   7fbc7d2..50b9200  main -> main
[main 744e404] Auto-commit: changes from herdr agents
 1 file changed, 4 insertions(+)
To github.com:alexshaddy/recipe-library.git
   50b9200..744e404  main -> main
[main b877c23] Auto-commit: changes from herdr agents
 1 file changed, 4 insertions(+)
To github.com:alexshaddy/recipe-library.git
   744e404..b877c23  main -> main
[main 3702e59] Auto-commit: changes from herdr agents
 1 file changed, 4 insertions(+)
To github.com:alexshaddy/recipe-library.git
   b877c23..3702e59  main -> main
[main 9f44c28] Auto-commit: changes from herdr agents
 2 files changed, 66 insertions(+), 20 deletions(-)
To github.com:alexshaddy/recipe-library.git
   3702e59..9f44c28  main -> main
[main af1282f] Auto-commit: changes from herdr agents
 1 file changed, 4 insertions(+)
To github.com:alexshaddy/recipe-library.git
   9f44c28..af1282f  main -> main
[main ddbfc59] Auto-commit: changes from herdr agents
 1 file changed, 4 insertions(+)
To github.com:alexshaddy/recipe-library.git
   af1282f..ddbfc59  main -> main
[main 52cb387] Auto-commit: changes from herdr agents
 1 file changed, 4 insertions(+)
To github.com:alexshaddy/recipe-library.git
   ddbfc59..52cb387  main -> main
[main 87f9a7b] Auto-commit: changes from herdr agents
 1 file changed, 4 insertions(+)
To github.com:alexshaddy/recipe-library.git
   52cb387..87f9a7b  main -> main
[main acd8da8] Auto-commit: changes from herdr agents
 2 files changed, 20 insertions(+), 9 deletions(-)
To github.com:alexshaddy/recipe-library.git
   87f9a7b..acd8da8  main -> main
[main 6e4e5c4] Auto-commit: changes from herdr agents
 1 file changed, 4 insertions(+)
To github.com:alexshaddy/recipe-library.git
   acd8da8..6e4e5c4  main -> main
[main 68c4061] Auto-commit: changes from herdr agents
 2 files changed, 11 insertions(+), 23 deletions(-)
To github.com:alexshaddy/recipe-library.git
   6e4e5c4..68c4061  main -> main
[main 4d8b1be] Auto-commit: changes from herdr agents
 1 file changed, 4 insertions(+)
To github.com:alexshaddy/recipe-library.git
   68c4061..4d8b1be  main -> main
[main 993dad1] Auto-commit: changes from herdr agents
 1 file changed, 4 insertions(+)
To github.com:alexshaddy/recipe-library.git
   4d8b1be..993dad1  main -> main
[main 7f16fcf] Auto-commit: changes from herdr agents
 1 file changed, 4 insertions(+)
To github.com:alexshaddy/recipe-library.git
   993dad1..7f16fcf  main -> main
[main 0253405] Auto-commit: changes from herdr agents
 1 file changed, 4 insertions(+)
To github.com:alexshaddy/recipe-library.git
   7f16fcf..0253405  main -> main
[main 233382f] Auto-commit: changes from herdr agents
 1 file changed, 4 insertions(+)
To github.com:alexshaddy/recipe-library.git
   0253405..233382f  main -> main
[main f6b31fc] Auto-commit: changes from herdr agents
 1 file changed, 4 insertions(+)
To github.com:alexshaddy/recipe-library.git
   233382f..f6b31fc  main -> main
[main a579130] Auto-commit: changes from herdr agents
 1 file changed, 4 insertions(+)
To github.com:alexshaddy/recipe-library.git
   f6b31fc..a579130  main -> main
[main 53c94fc] Auto-commit: changes from herdr agents
 1 file changed, 4 insertions(+)
To github.com:alexshaddy/recipe-library.git
   a579130..53c94fc  main -> main
[main 18dddee] Auto-commit: changes from herdr agents
 2 files changed, 37 insertions(+), 21 deletions(-)
To github.com:alexshaddy/recipe-library.git
   53c94fc..18dddee  main -> main
[main 0cc5a66] Auto-commit: changes from herdr agents
 1 file changed, 4 insertions(+)
To github.com:alexshaddy/recipe-library.git
   18dddee..0cc5a66  main -> main
[main 488ff6d] Auto-commit: changes from herdr agents
 1 file changed, 4 insertions(+)
To github.com:alexshaddy/recipe-library.git
   0cc5a66..488ff6d  main -> main
